<?xml version="1.0" encoding="UTF-8"?>
<testsuite xmlns:xsi="http://www.w3.org/2001/XMLSchema-instance" xsi:noNamespaceSchemaLocation="https://maven.apache.org/surefire/maven-surefire-plugin/xsd/surefire-test-report-3.0.xsd" version="3.0" name="alom.bank.server.HelloWorldImplTest" time="0.114" tests="1" errors="0" skipped="0" failures="0">
  <properties>
    <property name="java.specification.version" value="17"/>
    <property name="sun.cpu.isalist" value="amd64"/>
    <property name="sun.jnu.encoding" value="Cp1252"/>
    <property name="java.class.path" value="C:\Users\Metzo\cxf-bank-server\target\test-classes;C:\Users\Metzo\cxf-bank-server\target\classes;C:\Users\Metzo\.m2\repository\org\apache\cxf\cxf-rt-frontend-jaxws\4.0.5\cxf-rt-frontend-jaxws-4.0.5.jar;C:\Users\Metzo\.m2\repository\xml-resolver\xml-resolver\1.2\xml-resolver-1.2.jar;C:\Users\Metzo\.m2\repository\org\ow2\asm\asm\9.7\asm-9.7.jar;C:\Users\Metzo\.m2\repository\org\apache\cxf\cxf-core\4.0.5\cxf-core-4.0.5.jar;C:\Users\Metzo\.m2\repository\jakarta\annotation\jakarta.annotation-api\2.1.1\jakarta.annotation-api-2.1.1.jar;C:\Users\Metzo\.m2\repository\org\glassfish\jaxb\jaxb-runtime\3.0.2\jaxb-runtime-3.0.2.jar;C:\Users\Metzo\.m2\repository\org\glassfish\jaxb\jaxb-core\3.0.2\jaxb-core-3.0.2.jar;C:\Users\Metzo\.m2\repository\org\glassfish\jaxb\txw2\3.0.2\txw2-3.0.2.jar;C:\Users\Metzo\.m2\repository\com\sun\istack\istack-commons-runtime\4.0.1\istack-commons-runtime-4.0.1.jar;C:\Users\Metzo\.m2\repository\com\fasterxml\woodstox\woodstox-core\6.6.2\woodstox-core-6.6.2.jar;C:\Users\Metzo\.m2\repository\org\codehaus\woodstox\stax2-api\4.2.2\stax2-api-4.2.2.jar;C:\Users\Metzo\.m2\repository\org\apache\ws\xmlschema\xmlschema-core\2.3.1\xmlschema-core-2.3.1.jar;C:\Users\Metzo\.m2\repository\jakarta\xml\bind\jakarta.xml.bind-api\3.0.1\jakarta.xml.bind-api-3.0.1.jar;C:\Users\Metzo\.m2\repository\org\apache\cxf\cxf-rt-bindings-soap\4.0.5\cxf-rt-bindings-soap-4.0.5.jar;C:\Users\Metzo\.m2\repository\jakarta\xml\soap\jakarta.xml.soap-api\2.0.1\jakarta.xml.soap-api-2.0.1.jar;C:\Users\Metzo\.m2\repository\jakarta\jws\jakarta.jws-api\3.0.0\jakarta.jws-api-3.0.0.jar;C:\Users\Metzo\.m2\repository\jakarta\xml\ws\jakarta.xml.ws-api\3.0.1\jakarta.xml.ws-api-3.0.1.jar;C:\Users\Metzo\.m2\repository\org\apache\cxf\cxf-rt-wsdl\4.0.5\cxf-rt-wsdl-4.0.5.jar;C:\Users\Metzo\.m2\repository\wsdl4j\wsdl4j\1.6.3\wsdl4j-1.6.3.jar;C:\Users\Metzo\.m2\repository\org\apache\cxf\cxf-rt-databinding-jaxb\4.0.5\cxf-rt-databinding-jaxb-4.0.5.jar;C:\Users\Metzo\.m2\repository\org\apache\cxf\cxf-rt-bindings-xml\4.0.5\cxf-rt-bindings-xml-4.0.5.jar;C:\Users\Metzo\.m2\repository\org\apache\cxf\cxf-rt-frontend-simple\4.0.5\cxf-rt-frontend-simple-4.0.5.jar;C:\Users\Metzo\.m2\repository\org\eclipse\angus\angus-mail\1.0.0\angus-mail-1.0.0.jar;C:\Users\Metzo\.m2\repository\jakarta\mail\jakarta.mail-api\2.1.0\jakarta.mail-api-2.1.0.jar;C:\Users\Metzo\.m2\repository\org\apache\cxf\cxf-rt-ws-addr\4.0.5\cxf-rt-ws-addr-4.0.5.jar;C:\Users\Metzo\.m2\repository\org\apache\cxf\cxf-rt-ws-policy\4.0.5\cxf-rt-ws-policy-4.0.5.jar;C:\Users\Metzo\.m2\repository\org\apache\neethi\neethi\3.2.0\neethi-3.2.0.jar;C:\Users\Metzo\.m2\repository\org\eclipse\angus\angus-activation\2.0.2\angus-activation-2.0.2.jar;C:\Users\Metzo\.m2\repository\jakarta\activation\jakarta.activation-api\2.1.3\jakarta.activation-api-2.1.3.jar;C:\Users\Metzo\.m2\repository\org\apache\cxf\cxf-rt-transports-http\4.0.5\cxf-rt-transports-http-4.0.5.jar;C:\Users\Metzo\.m2\repository\org\springframework\spring-web\6.0.22\spring-web-6.0.22.jar;C:\Users\Metzo\.m2\repository\org\springframework\spring-beans\6.0.22\spring-beans-6.0.22.jar;C:\Users\Metzo\.m2\repository\org\springframework\spring-core\6.0.22\spring-core-6.0.22.jar;C:\Users\Metzo\.m2\repository\org\springframework\spring-jcl\6.0.22\spring-jcl-6.0.22.jar;C:\Users\Metzo\.m2\repository\io\micrometer\micrometer-observation\1.10.13\micrometer-observation-1.10.13.jar;C:\Users\Metzo\.m2\repository\io\micrometer\micrometer-commons\1.10.13\micrometer-commons-1.10.13.jar;C:\Users\Metzo\.m2\repository\org\springframework\spring-context\6.0.22\spring-context-6.0.22.jar;C:\Users\Metzo\.m2\repository\org\springframework\spring-aop\6.0.22\spring-aop-6.0.22.jar;C:\Users\Metzo\.m2\repository\org\springframework\spring-expression\6.0.22\spring-expression-6.0.22.jar;C:\Users\Metzo\.m2\repository\junit\junit\4.13.2\junit-4.13.2.jar;C:\Users\Metzo\.m2\repository\org\hamcrest\hamcrest-core\1.3\hamcrest-core-1.3.jar;"/>
    <property name="java.vm.vendor" value="Oracle Corporation"/>
    <property name="sun.arch.data.model" value="64"/>
    <property name="user.variant" value=""/>
    <property name="java.vendor.url" value="https://java.oracle.com/"/>
    <property name="user.timezone" value="Europe/Paris"/>
    <property name="os.name" value="Windows 10"/>
    <property name="java.vm.specification.version" value="17"/>
    <property name="sun.java.launcher" value="SUN_STANDARD"/>
    <property name="user.country" value="FR"/>
    <property name="sun.boot.library.path" value="C:\Program Files\Java\jdk-17\bin"/>
    <property name="sun.java.command" value="C:\Users\Metzo\AppData\Local\Temp\surefire8931990769370497913\surefirebooter-20240920132338750_3.jar C:\Users\Metzo\AppData\Local\Temp\surefire8931990769370497913 2024-09-20T13-23-38_513-jvmRun1 surefire-20240920132338750_1tmp surefire_0-20240920132338750_2tmp"/>
    <property name="jdk.debug" value="release"/>
    <property name="surefire.test.class.path" value="C:\Users\Metzo\cxf-bank-server\target\test-classes;C:\Users\Metzo\cxf-bank-server\target\classes;C:\Users\Metzo\.m2\repository\org\apache\cxf\cxf-rt-frontend-jaxws\4.0.5\cxf-rt-frontend-jaxws-4.0.5.jar;C:\Users\Metzo\.m2\repository\xml-resolver\xml-resolver\1.2\xml-resolver-1.2.jar;C:\Users\Metzo\.m2\repository\org\ow2\asm\asm\9.7\asm-9.7.jar;C:\Users\Metzo\.m2\repository\org\apache\cxf\cxf-core\4.0.5\cxf-core-4.0.5.jar;C:\Users\Metzo\.m2\repository\jakarta\annotation\jakarta.annotation-api\2.1.1\jakarta.annotation-api-2.1.1.jar;C:\Users\Metzo\.m2\repository\org\glassfish\jaxb\jaxb-runtime\3.0.2\jaxb-runtime-3.0.2.jar;C:\Users\Metzo\.m2\repository\org\glassfish\jaxb\jaxb-core\3.0.2\jaxb-core-3.0.2.jar;C:\Users\Metzo\.m2\repository\org\glassfish\jaxb\txw2\3.0.2\txw2-3.0.2.jar;C:\Users\Metzo\.m2\repository\com\sun\istack\istack-commons-runtime\4.0.1\istack-commons-runtime-4.0.1.jar;C:\Users\Metzo\.m2\repository\com\fasterxml\woodstox\woodstox-core\6.6.2\woodstox-core-6.6.2.jar;C:\Users\Metzo\.m2\repository\org\codehaus\woodstox\stax2-api\4.2.2\stax2-api-4.2.2.jar;C:\Users\Metzo\.m2\repository\org\apache\ws\xmlschema\xmlschema-core\2.3.1\xmlschema-core-2.3.1.jar;C:\Users\Metzo\.m2\repository\jakarta\xml\bind\jakarta.xml.bind-api\3.0.1\jakarta.xml.bind-api-3.0.1.jar;C:\Users\Metzo\.m2\repository\org\apache\cxf\cxf-rt-bindings-soap\4.0.5\cxf-rt-bindings-soap-4.0.5.jar;C:\Users\Metzo\.m2\repository\jakarta\xml\soap\jakarta.xml.soap-api\2.0.1\jakarta.xml.soap-api-2.0.1.jar;C:\Users\Metzo\.m2\repository\jakarta\jws\jakarta.jws-api\3.0.0\jakarta.jws-api-3.0.0.jar;C:\Users\Metzo\.m2\repository\jakarta\xml\ws\jakarta.xml.ws-api\3.0.1\jakarta.xml.ws-api-3.0.1.jar;C:\Users\Metzo\.m2\repository\org\apache\cxf\cxf-rt-wsdl\4.0.5\cxf-rt-wsdl-4.0.5.jar;C:\Users\Metzo\.m2\repository\wsdl4j\wsdl4j\1.6.3\wsdl4j-1.6.3.jar;C:\Users\Metzo\.m2\repository\org\apache\cxf\cxf-rt-databinding-jaxb\4.0.5\cxf-rt-databinding-jaxb-4.0.5.jar;C:\Users\Metzo\.m2\repository\org\apache\cxf\cxf-rt-bindings-xml\4.0.5\cxf-rt-bindings-xml-4.0.5.jar;C:\Users\Metzo\.m2\repository\org\apache\cxf\cxf-rt-frontend-simple\4.0.5\cxf-rt-frontend-simple-4.0.5.jar;C:\Users\Metzo\.m2\repository\org\eclipse\angus\angus-mail\1.0.0\angus-mail-1.0.0.jar;C:\Users\Metzo\.m2\repository\jakarta\mail\jakarta.mail-api\2.1.0\jakarta.mail-api-2.1.0.jar;C:\Users\Metzo\.m2\repository\org\apache\cxf\cxf-rt-ws-addr\4.0.5\cxf-rt-ws-addr-4.0.5.jar;C:\Users\Metzo\.m2\repository\org\apache\cxf\cxf-rt-ws-policy\4.0.5\cxf-rt-ws-policy-4.0.5.jar;C:\Users\Metzo\.m2\repository\org\apache\neethi\neethi\3.2.0\neethi-3.2.0.jar;C:\Users\Metzo\.m2\repository\org\eclipse\angus\angus-activation\2.0.2\angus-activation-2.0.2.jar;C:\Users\Metzo\.m2\repository\jakarta\activation\jakarta.activation-api\2.1.3\jakarta.activation-api-2.1.3.jar;C:\Users\Metzo\.m2\repository\org\apache\cxf\cxf-rt-transports-http\4.0.5\cxf-rt-transports-http-4.0.5.jar;C:\Users\Metzo\.m2\repository\org\springframework\spring-web\6.0.22\spring-web-6.0.22.jar;C:\Users\Metzo\.m2\repository\org\springframework\spring-beans\6.0.22\spring-beans-6.0.22.jar;C:\Users\Metzo\.m2\repository\org\springframework\spring-core\6.0.22\spring-core-6.0.22.jar;C:\Users\Metzo\.m2\repository\org\springframework\spring-jcl\6.0.22\spring-jcl-6.0.22.jar;C:\Users\Metzo\.m2\repository\io\micrometer\micrometer-observation\1.10.13\micrometer-observation-1.10.13.jar;C:\Users\Metzo\.m2\repository\io\micrometer\micrometer-commons\1.10.13\micrometer-commons-1.10.13.jar;C:\Users\Metzo\.m2\repository\org\springframework\spring-context\6.0.22\spring-context-6.0.22.jar;C:\Users\Metzo\.m2\repository\org\springframework\spring-aop\6.0.22\spring-aop-6.0.22.jar;C:\Users\Metzo\.m2\repository\org\springframework\spring-expression\6.0.22\spring-expression-6.0.22.jar;C:\Users\Metzo\.m2\repository\junit\junit\4.13.2\junit-4.13.2.jar;C:\Users\Metzo\.m2\repository\org\hamcrest\hamcrest-core\1.3\hamcrest-core-1.3.jar;"/>
    <property name="sun.cpu.endian" value="little"/>
    <property name="user.home" value="C:\Users\Metzo"/>
    <property name="user.language" value="fr"/>
    <property name="java.specification.vendor" value="Oracle Corporation"/>
    <property name="java.version.date" value="2023-10-17"/>
    <property name="java.home" value="C:\Program Files\Java\jdk-17"/>
    <property name="file.separator" value="\"/>
    <property name="basedir" value="C:\Users\Metzo\cxf-bank-server"/>
    <property name="java.vm.compressedOopsMode" value="32-bit"/>
    <property name="line.separator" value="&#10;"/>
    <property name="java.vm.specification.vendor" value="Oracle Corporation"/>
    <property name="java.specification.name" value="Java Platform API Specification"/>
    <property name="surefire.real.class.path" value="C:\Users\Metzo\AppData\Local\Temp\surefire8931990769370497913\surefirebooter-20240920132338750_3.jar"/>
    <property name="user.script" value=""/>
    <property name="sun.management.compiler" value="HotSpot 64-Bit Tiered Compilers"/>
    <property name="java.runtime.version" value="17.0.9+11-LTS-201"/>
    <property name="user.name" value="Metzo"/>
    <property name="path.separator" value=";"/>
    <property name="os.version" value="10.0"/>
    <property name="java.runtime.name" value="Java(TM) SE Runtime Environment"/>
    <property name="file.encoding" value="Cp1252"/>
    <property name="java.vm.name" value="Java HotSpot(TM) 64-Bit Server VM"/>
    <property name="localRepository" value="C:\Users\Metzo\.m2\repository"/>
    <property name="java.vendor.url.bug" value="https://bugreport.java.com/bugreport/"/>
    <property name="java.io.tmpdir" value="C:\Users\Metzo\AppData\Local\Temp\"/>
    <property name="java.version" value="17.0.9"/>
    <property name="user.dir" value="C:\Users\Metzo\cxf-bank-server"/>
    <property name="os.arch" value="amd64"/>
    <property name="java.vm.specification.name" value="Java Virtual Machine Specification"/>
    <property name="sun.os.patch.level" value=""/>
    <property name="native.encoding" value="Cp1252"/>
    <property name="java.library.path" value="C:\Program Files\Java\jdk-17\bin;C:\WINDOWS\Sun\Java\bin;C:\WINDOWS\system32;C:\WINDOWS;C:\Program Files\Java\jdk-17\bin;C:\Program Files\NVIDIA GPU Computing Toolkit\CUDA\v12.5\libnvvp;C:\Program Files\Common Files\Oracle\Java\javapath;C:\Program Files (x86)\Common Files\Oracle\Java\javapath;C:\WINDOWS\system32;C:\WINDOWS;C:\WINDOWS\System32\Wbem;C:\WINDOWS\System32\WindowsPowerShell\v1.0\;C:\WINDOWS\System32\OpenSSH\;C:\Program Files (x86)\NVIDIA Corporation\PhysX\Common;C:\Program Files\dotnet\;C:\Program Files (x86)\NoteBook FanControl\;C:\Program Files\Git\cmd;C:\Program Files\Git\mingw64\bin;C:\Program Files\Git\usr\bin;C:\ffmeg;C:\Program Files\NVIDIA Corporation\NVIDIA app\NvDLISR;C:\Program Files\Maven\apache-maven-3.9.9\bin;C:\Program Files\Git\mingw64\bin;C:\Users\Metzo\AppData\Local\Programs\Python\Python38\Scripts\;C:\Users\Metzo\AppData\Local\Programs\Python\Python38\;C:\Users\Metzo\AppData\Local\Programs\Python\Python312\Scripts\;C:\Users\Metzo\AppData\Local\Programs\Python\Python312\;C:\Users\Metzo\AppData\Local\Programs\Python\Python310\Scripts\;C:\Users\Metzo\AppData\Local\Programs\Python\Python310\;C:\Users\Metzo\AppData\Local\Microsoft\WindowsApps;C:\ffmeg;C:\platform-tools;C:\Program Files\JetBrains\PyCharm Community Edition 2024.1.4\bin;;C:\Users\Metzo\AppData\Local\Programs\Microsoft VS Code Insiders\bin;;."/>
    <property name="java.vm.info" value="mixed mode, sharing"/>
    <property name="java.vendor" value="Oracle Corporation"/>
    <property name="java.vm.version" value="17.0.9+11-LTS-201"/>
    <property name="sun.io.unicode.encoding" value="UnicodeLittle"/>
    <property name="java.class.version" value="61.0"/>
  </properties>
  <testcase name="testSayHi" classname="alom.bank.server.HelloWorldImplTest" time="0.009"/>
</testsuite>